{"D:\\Faculdade\\quinta\\Engenharia2-trab2\\src\\routes.js": {"path":"D:\\Faculdade\\quinta\\Engenharia2-trab2\\src\\routes.js","statementMap":{"0":{"start":{"line":1,"column":16},"end":{"line":1,"column":34}},"1":{"start":{"line":2,"column":15},"end":{"line":2,"column":24}},"2":{"start":{"line":3,"column":0},"end":{"line":3,"column":26}},"3":{"start":{"line":6,"column":14},"end":{"line":10,"column":2}},"4":{"start":{"line":13,"column":0},"end":{"line":62,"column":6}},"5":{"start":{"line":16,"column":8},"end":{"line":16,"column":35}},"6":{"start":{"line":20,"column":35},"end":{"line":20,"column":43}},"7":{"start":{"line":21,"column":8},"end":{"line":26,"column":9}},"8":{"start":{"line":22,"column":12},"end":{"line":24,"column":15}},"9":{"start":{"line":25,"column":12},"end":{"line":25,"column":19}},"10":{"start":{"line":27,"column":8},"end":{"line":36,"column":9}},"11":{"start":{"line":28,"column":12},"end":{"line":32,"column":14}},"12":{"start":{"line":33,"column":12},"end":{"line":33,"column":70}},"13":{"start":{"line":35,"column":12},"end":{"line":35,"column":56}},"14":{"start":{"line":40,"column":19},"end":{"line":40,"column":32}},"15":{"start":{"line":41,"column":8},"end":{"line":47,"column":9}},"16":{"start":{"line":41,"column":21},"end":{"line":41,"column":22}},"17":{"start":{"line":42,"column":12},"end":{"line":46,"column":13}},"18":{"start":{"line":43,"column":16},"end":{"line":43,"column":37}},"19":{"start":{"line":44,"column":16},"end":{"line":44,"column":60}},"20":{"start":{"line":45,"column":16},"end":{"line":45,"column":23}},"21":{"start":{"line":48,"column":8},"end":{"line":48,"column":63}},"22":{"start":{"line":52,"column":19},"end":{"line":52,"column":32}},"23":{"start":{"line":53,"column":22},"end":{"line":53,"column":36}},"24":{"start":{"line":54,"column":21},"end":{"line":54,"column":50}},"25":{"start":{"line":54,"column":39},"end":{"line":54,"column":49}},"26":{"start":{"line":56,"column":8},"end":{"line":61,"column":9}},"27":{"start":{"line":57,"column":12},"end":{"line":57,"column":31}},"28":{"start":{"line":58,"column":12},"end":{"line":58,"column":59}},"29":{"start":{"line":60,"column":12},"end":{"line":60,"column":67}},"30":{"start":{"line":64,"column":0},"end":{"line":64,"column":24}}},"fnMap":{"0":{"name":"(anonymous_0)","decl":{"start":{"line":15,"column":19},"end":{"line":15,"column":20}},"loc":{"start":{"line":15,"column":32},"end":{"line":17,"column":5}},"line":15},"1":{"name":"(anonymous_1)","decl":{"start":{"line":19,"column":20},"end":{"line":19,"column":21}},"loc":{"start":{"line":19,"column":33},"end":{"line":37,"column":5}},"line":19},"2":{"name":"(anonymous_2)","decl":{"start":{"line":39,"column":26},"end":{"line":39,"column":27}},"loc":{"start":{"line":39,"column":40},"end":{"line":49,"column":5}},"line":39},"3":{"name":"(anonymous_3)","decl":{"start":{"line":51,"column":23},"end":{"line":51,"column":24}},"loc":{"start":{"line":51,"column":37},"end":{"line":62,"column":5}},"line":51},"4":{"name":"(anonymous_4)","decl":{"start":{"line":54,"column":32},"end":{"line":54,"column":33}},"loc":{"start":{"line":54,"column":39},"end":{"line":54,"column":49}},"line":54}},"branchMap":{"0":{"loc":{"start":{"line":21,"column":8},"end":{"line":26,"column":9}},"type":"if","locations":[{"start":{"line":21,"column":8},"end":{"line":26,"column":9}},{"start":{"line":21,"column":8},"end":{"line":26,"column":9}}],"line":21},"1":{"loc":{"start":{"line":21,"column":12},"end":{"line":21,"column":30}},"type":"binary-expr","locations":[{"start":{"line":21,"column":12},"end":{"line":21,"column":20}},{"start":{"line":21,"column":24},"end":{"line":21,"column":30}}],"line":21},"2":{"loc":{"start":{"line":42,"column":12},"end":{"line":46,"column":13}},"type":"if","locations":[{"start":{"line":42,"column":12},"end":{"line":46,"column":13}},{"start":{"line":42,"column":12},"end":{"line":46,"column":13}}],"line":42},"3":{"loc":{"start":{"line":56,"column":8},"end":{"line":61,"column":9}},"type":"if","locations":[{"start":{"line":56,"column":8},"end":{"line":61,"column":9}},{"start":{"line":56,"column":8},"end":{"line":61,"column":9}}],"line":56}},"s":{"0":1,"1":1,"2":1,"3":1,"4":1,"5":1,"6":2,"7":2,"8":1,"9":1,"10":1,"11":1,"12":1,"13":0,"14":2,"15":2,"16":2,"17":3,"18":1,"19":1,"20":1,"21":1,"22":2,"23":2,"24":2,"25":2,"26":2,"27":1,"28":1,"29":1,"30":1},"f":{"0":1,"1":2,"2":2,"3":2,"4":2},"b":{"0":[1,1],"1":[2,1],"2":[1,2],"3":[1,1]},"_coverageSchema":"1a1c01bbd47fc00a2c39e90264f33305004495a9","hash":"4e1a22e63cfc007736025bc90cdc24070cc04f00"}
}
