TN:
SF:src\routes.js
FN:15,(anonymous_0)
FN:19,(anonymous_1)
FN:39,(anonymous_2)
FN:51,(anonymous_3)
FN:54,(anonymous_4)
FNF:5
FNH:5
FNDA:1,(anonymous_0)
FNDA:2,(anonymous_1)
FNDA:2,(anonymous_2)
FNDA:2,(anonymous_3)
FNDA:2,(anonymous_4)
DA:1,1
DA:2,1
DA:3,1
DA:6,1
DA:13,1
DA:16,1
DA:20,2
DA:21,2
DA:22,1
DA:25,1
DA:27,1
DA:28,1
DA:33,1
DA:35,0
DA:40,2
DA:41,2
DA:42,3
DA:43,1
DA:44,1
DA:45,1
DA:48,1
DA:52,2
DA:53,2
DA:54,2
DA:56,2
DA:57,1
DA:58,1
DA:60,1
DA:64,1
LF:29
LH:28
BRDA:21,0,0,1
BRDA:21,0,1,1
BRDA:21,1,0,2
BRDA:21,1,1,1
BRDA:42,2,0,1
BRDA:42,2,1,2
BRDA:56,3,0,1
BRDA:56,3,1,1
BRF:8
BRH:8
end_of_record
